# JRE version: Java(TM) SE Runtime Environment (8.0_231-b11) (build 1.8.0_231-b11)
# Java VM: Java HotSpot(TM) 64-Bit Server VM (25.231-b11 mixed mode windows-amd64 compressed oops)
Heap:
 PSYoungGen      total 320000K, used 88455K [0x000000076b200000, 0x0000000781b00000, 0x00000007c0000000)
  eden space 309760K, 25% used [0x000000076b200000,0x000000076fe63298,0x000000077e080000)
  from space 10240K, 99% used [0x000000077ee00000,0x000000077f7fecf8,0x000000077f800000)
  to   space 13824K, 0% used [0x000000077e080000,0x000000077e080000,0x000000077ee00000)
 ParOldGen       total 134656K, used 17837K [0x00000006c1600000, 0x00000006c9980000, 0x000000076b200000)
  object space 134656K, 13% used [0x00000006c1600000,0x00000006c276b418,0x00000006c9980000)
 Metaspace       used 53042K, capacity 55514K, committed 55936K, reserved 1097728K
  class space    used 6772K, capacity 7217K, committed 7296K, reserved 1048576K
GC Heap History (10 events):
Event: 4.497 GC heap before
{Heap before GC invocations=10 (full 1):
 PSYoungGen      total 211968K, used 193342K [0x000000076b200000, 0x0000000779280000, 0x00000007c0000000)
  eden space 203776K, 91% used [0x000000076b200000,0x0000000776831f20,0x0000000777900000)
  from space 8192K, 82% used [0x0000000778180000,0x000000077881db40,0x0000000778980000)
  to   space 8704K, 0% used [0x0000000777900000,0x0000000777900000,0x0000000778180000)
 ParOldGen       total 84992K, used 5882K [0x00000006c1600000, 0x00000006c6900000, 0x000000076b200000)
  object space 84992K, 6% used [0x00000006c1600000,0x00000006c1bbe948,0x00000006c6900000)
 Metaspace       used 33516K, capacity 35308K, committed 35456K, reserved 1079296K
  class space    used 4280K, capacity 4616K, committed 4736K, reserved 1048576K
Event: 4.504 GC heap after
Heap after GC invocations=10 (full 1):
 PSYoungGen      total 212480K, used 6407K [0x000000076b200000, 0x000000077db80000, 0x00000007c0000000)
  eden space 203776K, 0% used [0x000000076b200000,0x000000076b200000,0x0000000777900000)
  from space 8704K, 73% used [0x0000000777900000,0x0000000777f41e28,0x0000000778180000)
  to   space 8704K, 0% used [0x000000077d300000,0x000000077d300000,0x000000077db80000)
 ParOldGen       total 84992K, used 6258K [0x00000006c1600000, 0x00000006c6900000, 0x000000076b200000)
  object space 84992K, 7% used [0x00000006c1600000,0x00000006c1c1c948,0x00000006c6900000)
 Metaspace       used 33516K, capacity 35308K, committed 35456K, reserved 1079296K
  class space    used 4280K, capacity 4616K, committed 4736K, reserved 1048576K
}
Event: 4.504 GC heap before
{Heap before GC invocations=11 (full 2):
 PSYoungGen      total 212480K, used 6407K [0x000000076b200000, 0x000000077db80000, 0x00000007c0000000)
  eden space 203776K, 0% used [0x000000076b200000,0x000000076b200000,0x0000000777900000)
  from space 8704K, 73% used [0x0000000777900000,0x0000000777f41e28,0x0000000778180000)
  to   space 8704K, 0% used [0x000000077d300000,0x000000077d300000,0x000000077db80000)
 ParOldGen       total 84992K, used 6258K [0x00000006c1600000, 0x00000006c6900000, 0x000000076b200000)
  object space 84992K, 7% used [0x00000006c1600000,0x00000006c1c1c948,0x00000006c6900000)
 Metaspace       used 33516K, capacity 35308K, committed 35456K, reserved 1079296K
  class space    used 4280K, capacity 4616K, committed 4736K, reserved 1048576K
Event: 4.570 GC heap after
Heap after GC invocations=11 (full 2):
 PSYoungGen      total 212480K, used 0K [0x000000076b200000, 0x000000077db80000, 0x00000007c0000000)
  eden space 203776K, 0% used [0x000000076b200000,0x000000076b200000,0x0000000777900000)
  from space 8704K, 0% used [0x0000000777900000,0x0000000777900000,0x0000000778180000)
  to   space 8704K, 0% used [0x000000077d300000,0x000000077d300000,0x000000077db80000)
 ParOldGen       total 134656K, used 11605K [0x00000006c1600000, 0x00000006c9980000, 0x000000076b200000)
  object space 134656K, 8% used [0x00000006c1600000,0x00000006c2155678,0x00000006c9980000)
 Metaspace       used 33516K, capacity 35308K, committed 35456K, reserved 1079296K
  class space    used 4280K, capacity 4616K, committed 4736K, reserved 1048576K
}
Event: 4.713 GC heap before
{Heap before GC invocations=12 (full 2):
 PSYoungGen      total 212480K, used 203776K [0x000000076b200000, 0x000000077db80000, 0x00000007c0000000)
  eden space 203776K, 100% used [0x000000076b200000,0x0000000777900000,0x0000000777900000)
  from space 8704K, 0% used [0x0000000777900000,0x0000000777900000,0x0000000778180000)
  to   space 8704K, 0% used [0x000000077d300000,0x000000077d300000,0x000000077db80000)
 ParOldGen       total 134656K, used 11605K [0x00000006c1600000, 0x00000006c9980000, 0x000000076b200000)
  object space 134656K, 8% used [0x00000006c1600000,0x00000006c2155678,0x00000006c9980000)
 Metaspace       used 33838K, capacity 35664K, committed 35968K, reserved 1081344K
  class space    used 4319K, capacity 4660K, committed 4736K, reserved 1048576K
Event: 4.715 GC heap after
Heap after GC invocations=12 (full 2):
 PSYoungGen      total 256000K, used 1078K [0x000000076b200000, 0x000000077d480000, 0x00000007c0000000)
  eden space 254464K, 0% used [0x000000076b200000,0x000000076b200000,0x000000077aa80000)
  from space 1536K, 70% used [0x000000077d300000,0x000000077d40d868,0x000000077d480000)
  to   space 9216K, 0% used [0x000000077c280000,0x000000077c280000,0x000000077cb80000)
 ParOldGen       total 134656K, used 11613K [0x00000006c1600000, 0x00000006c9980000, 0x000000076b200000)
  object space 134656K, 8% used [0x00000006c1600000,0x00000006c2157678,0x00000006c9980000)
 Metaspace       used 33838K, capacity 35664K, committed 35968K, reserved 1081344K
  class space    used 4319K, capacity 4660K, committed 4736K, reserved 1048576K
}
Event: 5.837 GC heap before
{Heap before GC invocations=13 (full 2):
 PSYoungGen      total 256000K, used 255542K [0x000000076b200000, 0x000000077d480000, 0x00000007c0000000)
  eden space 254464K, 100% used [0x000000076b200000,0x000000077aa80000,0x000000077aa80000)
  from space 1536K, 70% used [0x000000077d300000,0x000000077d40d868,0x000000077d480000)
  to   space 9216K, 0% used [0x000000077c280000,0x000000077c280000,0x000000077cb80000)
 ParOldGen       total 134656K, used 11613K [0x00000006c1600000, 0x00000006c9980000, 0x000000076b200000)
  object space 134656K, 8% used [0x00000006c1600000,0x00000006c2157678,0x00000006c9980000)
 Metaspace       used 39361K, capacity 41620K, committed 41856K, reserved 1085440K
  class space    used 5001K, capacity 5420K, committed 5504K, reserved 1048576K
Event: 5.847 GC heap after
Heap after GC invocations=13 (full 2):
 PSYoungGen      total 288256K, used 8526K [0x000000076b200000, 0x000000077f800000, 0x00000007c0000000)
  eden space 279040K, 0% used [0x000000076b200000,0x000000076b200000,0x000000077c280000)
  from space 9216K, 92% used [0x000000077c280000,0x000000077cad3968,0x000000077cb80000)
  to   space 10240K, 0% used [0x000000077ee00000,0x000000077ee00000,0x000000077f800000)
 ParOldGen       total 134656K, used 11613K [0x00000006c1600000, 0x00000006c9980000, 0x000000076b200000)
  object space 134656K, 8% used [0x00000006c1600000,0x00000006c2157678,0x00000006c9980000)
 Metaspace       used 39361K, capacity 41620K, committed 41856K, reserved 1085440K
  class space    used 5001K, capacity 5420K, committed 5504K, reserved 1048576K
}
Event: 7.025 GC heap before
{Heap before GC invocations=14 (full 2):
 PSYoungGen      total 288256K, used 287566K [0x000000076b200000, 0x000000077f800000, 0x00000007c0000000)
  eden space 279040K, 100% used [0x000000076b200000,0x000000077c280000,0x000000077c280000)
  from space 9216K, 92% used [0x000000077c280000,0x000000077cad3968,0x000000077cb80000)
  to   space 10240K, 0% used [0x000000077ee00000,0x000000077ee00000,0x000000077f800000)
 ParOldGen       total 134656K, used 11613K [0x00000006c1600000, 0x00000006c9980000, 0x000000076b200000)
  object space 134656K, 8% used [0x00000006c1600000,0x00000006c2157678,0x00000006c9980000)
 Metaspace       used 51051K, capacity 53508K, committed 53888K, reserved 1095680K
  class space    used 6512K, capacity 6946K, committed 7040K, reserved 1048576K
Event: 7.040 GC heap after
Heap after GC invocations=14 (full 2):
 PSYoungGen      total 320000K, used 10235K [0x000000076b200000, 0x0000000781b00000, 0x00000007c0000000)
  eden space 309760K, 0% used [0x000000076b200000,0x000000076b200000,0x000000077e080000)
  from space 10240K, 99% used [0x000000077ee00000,0x000000077f7fecf8,0x000000077f800000)
  to   space 13824K, 0% used [0x000000077e080000,0x000000077e080000,0x000000077ee00000)
 ParOldGen       total 134656K, used 17837K [0x00000006c1600000, 0x00000006c9980000, 0x000000076b200000)
  object space 134656K, 13% used [0x00000006c1600000,0x00000006c276b418,0x00000006c9980000)
 Metaspace       used 51051K, capacity 53508K, committed 53888K, reserved 1095680K
  class space    used 6512K, capacity 6946K, committed 7040K, reserved 1048576K
}

