# JRE version: Java(TM) SE Runtime Environment (8.0_231-b11) (build 1.8.0_231-b11)
# Java VM: Java HotSpot(TM) 64-Bit Server VM (25.231-b11 mixed mode windows-amd64 compressed oops)
Heap:
 PSYoungGen      total 755200K, used 665750K [0x000000076b200000, 0x000000079cc80000, 0x00000007c0000000)
  eden space 739328K, 90% used [0x000000076b200000,0x0000000793c25b88,0x0000000798400000)
  from space 15872K, 0% used [0x0000000799380000,0x0000000799380000,0x000000079a300000)
  to   space 15872K, 0% used [0x0000000798400000,0x0000000798400000,0x0000000799380000)
 ParOldGen       total 189952K, used 20009K [0x00000006c1600000, 0x00000006ccf80000, 0x000000076b200000)
  object space 189952K, 10% used [0x00000006c1600000,0x00000006c298a500,0x00000006ccf80000)
 Metaspace       used 74433K, capacity 78198K, committed 78376K, reserved 1118208K
  class space    used 9362K, capacity 9967K, committed 10024K, reserved 1048576K
GC Heap History (10 events):
Event: 4.590 GC heap before
{Heap before GC invocations=11 (full 1):
 PSYoungGen      total 420864K, used 191226K [0x000000076b200000, 0x000000078fe80000, 0x00000007c0000000)
  eden space 413184K, 45% used [0x000000076b200000,0x00000007769e5c88,0x0000000784580000)
  from space 7680K, 37% used [0x0000000784580000,0x0000000784858f68,0x0000000784d00000)
  to   space 8192K, 0% used [0x000000078f680000,0x000000078f680000,0x000000078fe80000)
 ParOldGen       total 88576K, used 6721K [0x00000006c1600000, 0x00000006c6c80000, 0x000000076b200000)
  object space 88576K, 7% used [0x00000006c1600000,0x00000006c1c90450,0x00000006c6c80000)
 Metaspace       used 33740K, capacity 35468K, committed 35496K, reserved 1081344K
  class space    used 4158K, capacity 4494K, committed 4520K, reserved 1048576K
Event: 4.599 GC heap after
Heap after GC invocations=11 (full 1):
 PSYoungGen      total 584192K, used 8191K [0x000000076b200000, 0x000000078fe80000, 0x00000007c0000000)
  eden space 576000K, 0% used [0x000000076b200000,0x000000076b200000,0x000000078e480000)
  from space 8192K, 99% used [0x000000078f680000,0x000000078fe7feb8,0x000000078fe80000)
  to   space 9216K, 0% used [0x000000078ec80000,0x000000078ec80000,0x000000078f580000)
 ParOldGen       total 88576K, used 8409K [0x00000006c1600000, 0x00000006c6c80000, 0x000000076b200000)
  object space 88576K, 9% used [0x00000006c1600000,0x00000006c1e36550,0x00000006c6c80000)
 Metaspace       used 33740K, capacity 35468K, committed 35496K, reserved 1081344K
  class space    used 4158K, capacity 4494K, committed 4520K, reserved 1048576K
}
Event: 4.599 GC heap before
{Heap before GC invocations=12 (full 2):
 PSYoungGen      total 584192K, used 8191K [0x000000076b200000, 0x000000078fe80000, 0x00000007c0000000)
  eden space 576000K, 0% used [0x000000076b200000,0x000000076b200000,0x000000078e480000)
  from space 8192K, 99% used [0x000000078f680000,0x000000078fe7feb8,0x000000078fe80000)
  to   space 9216K, 0% used [0x000000078ec80000,0x000000078ec80000,0x000000078f580000)
 ParOldGen       total 88576K, used 8409K [0x00000006c1600000, 0x00000006c6c80000, 0x000000076b200000)
  object space 88576K, 9% used [0x00000006c1600000,0x00000006c1e36550,0x00000006c6c80000)
 Metaspace       used 33740K, capacity 35468K, committed 35496K, reserved 1081344K
  class space    used 4158K, capacity 4494K, committed 4520K, reserved 1048576K
Event: 4.674 GC heap after
Heap after GC invocations=12 (full 2):
 PSYoungGen      total 584192K, used 0K [0x000000076b200000, 0x000000078fe80000, 0x00000007c0000000)
  eden space 576000K, 0% used [0x000000076b200000,0x000000076b200000,0x000000078e480000)
  from space 8192K, 0% used [0x000000078f680000,0x000000078f680000,0x000000078fe80000)
  to   space 9216K, 0% used [0x000000078ec80000,0x000000078ec80000,0x000000078f580000)
 ParOldGen       total 139264K, used 15091K [0x00000006c1600000, 0x00000006c9e00000, 0x000000076b200000)
  object space 139264K, 10% used [0x00000006c1600000,0x00000006c24bce00,0x00000006c9e00000)
 Metaspace       used 33740K, capacity 35468K, committed 35496K, reserved 1081344K
  class space    used 4158K, capacity 4494K, committed 4520K, reserved 1048576K
}
Event: 6.860 GC heap before
{Heap before GC invocations=13 (full 2):
 PSYoungGen      total 584192K, used 576000K [0x000000076b200000, 0x000000078fe80000, 0x00000007c0000000)
  eden space 576000K, 100% used [0x000000076b200000,0x000000078e480000,0x000000078e480000)
  from space 8192K, 0% used [0x000000078f680000,0x000000078f680000,0x000000078fe80000)
  to   space 9216K, 0% used [0x000000078ec80000,0x000000078ec80000,0x000000078f580000)
 ParOldGen       total 139264K, used 15091K [0x00000006c1600000, 0x00000006c9e00000, 0x000000076b200000)
  object space 139264K, 10% used [0x00000006c1600000,0x00000006c24bce00,0x00000006c9e00000)
 Metaspace       used 55070K, capacity 57374K, committed 57640K, reserved 1099776K
  class space    used 6970K, capacity 7387K, committed 7464K, reserved 1048576K
Event: 6.885 GC heap after
Heap after GC invocations=13 (full 2):
 PSYoungGen      total 593408K, used 9213K [0x000000076b200000, 0x000000079a300000, 0x00000007c0000000)
  eden space 584192K, 0% used [0x000000076b200000,0x000000076b200000,0x000000078ec80000)
  from space 9216K, 99% used [0x000000078ec80000,0x000000078f57f4b8,0x000000078f580000)
  to   space 15872K, 0% used [0x0000000799380000,0x0000000799380000,0x000000079a300000)
 ParOldGen       total 139264K, used 30404K [0x00000006c1600000, 0x00000006c9e00000, 0x000000076b200000)
  object space 139264K, 21% used [0x00000006c1600000,0x00000006c33b11f8,0x00000006c9e00000)
 Metaspace       used 55070K, capacity 57374K, committed 57640K, reserved 1099776K
  class space    used 6970K, capacity 7387K, committed 7464K, reserved 1048576K
}
Event: 7.024 GC heap before
{Heap before GC invocations=14 (full 2):
 PSYoungGen      total 593408K, used 84284K [0x000000076b200000, 0x000000079a300000, 0x00000007c0000000)
  eden space 584192K, 12% used [0x000000076b200000,0x000000076fb4fb58,0x000000078ec80000)
  from space 9216K, 99% used [0x000000078ec80000,0x000000078f57f4b8,0x000000078f580000)
  to   space 15872K, 0% used [0x0000000799380000,0x0000000799380000,0x000000079a300000)
 ParOldGen       total 139264K, used 30404K [0x00000006c1600000, 0x00000006c9e00000, 0x000000076b200000)
  object space 139264K, 21% used [0x00000006c1600000,0x00000006c33b11f8,0x00000006c9e00000)
 Metaspace       used 56656K, capacity 58898K, committed 59160K, reserved 1101824K
  class space    used 7146K, capacity 7553K, committed 7592K, reserved 1048576K
Event: 7.033 GC heap after
Heap after GC invocations=14 (full 2):
 PSYoungGen      total 755200K, used 1837K [0x000000076b200000, 0x000000079cc80000, 0x00000007c0000000)
  eden space 739328K, 0% used [0x000000076b200000,0x000000076b200000,0x0000000798400000)
  from space 15872K, 11% used [0x0000000799380000,0x000000079954b448,0x000000079a300000)
  to   space 15872K, 0% used [0x0000000798400000,0x0000000798400000,0x0000000799380000)
 ParOldGen       total 139264K, used 39144K [0x00000006c1600000, 0x00000006c9e00000, 0x000000076b200000)
  object space 139264K, 28% used [0x00000006c1600000,0x00000006c3c3a168,0x00000006c9e00000)
 Metaspace       used 56656K, capacity 58898K, committed 59160K, reserved 1101824K
  class space    used 7146K, capacity 7553K, committed 7592K, reserved 1048576K
}
Event: 7.033 GC heap before
{Heap before GC invocations=15 (full 3):
 PSYoungGen      total 755200K, used 1837K [0x000000076b200000, 0x000000079cc80000, 0x00000007c0000000)
  eden space 739328K, 0% used [0x000000076b200000,0x000000076b200000,0x0000000798400000)
  from space 15872K, 11% used [0x0000000799380000,0x000000079954b448,0x000000079a300000)
  to   space 15872K, 0% used [0x0000000798400000,0x0000000798400000,0x0000000799380000)
 ParOldGen       total 139264K, used 39144K [0x00000006c1600000, 0x00000006c9e00000, 0x000000076b200000)
  object space 139264K, 28% used [0x00000006c1600000,0x00000006c3c3a168,0x00000006c9e00000)
 Metaspace       used 56656K, capacity 58898K, committed 59160K, reserved 1101824K
  class space    used 7146K, capacity 7553K, committed 7592K, reserved 1048576K
Event: 7.153 GC heap after
Heap after GC invocations=15 (full 3):
 PSYoungGen      total 755200K, used 0K [0x000000076b200000, 0x000000079cc80000, 0x00000007c0000000)
  eden space 739328K, 0% used [0x000000076b200000,0x000000076b200000,0x0000000798400000)
  from space 15872K, 0% used [0x0000000799380000,0x0000000799380000,0x000000079a300000)
  to   space 15872K, 0% used [0x0000000798400000,0x0000000798400000,0x0000000799380000)
 ParOldGen       total 189952K, used 20009K [0x00000006c1600000, 0x00000006ccf80000, 0x000000076b200000)
  object space 189952K, 10% used [0x00000006c1600000,0x00000006c298a500,0x00000006ccf80000)
 Metaspace       used 56656K, capacity 58898K, committed 59160K, reserved 1101824K
  class space    used 7146K, capacity 7553K, committed 7592K, reserved 1048576K
}

