# JRE version: Java(TM) SE Runtime Environment (8.0_231-b11) (build 1.8.0_231-b11)
# Java VM: Java HotSpot(TM) 64-Bit Server VM (25.231-b11 mixed mode windows-amd64 compressed oops)
Heap:
 PSYoungGen      total 892928K, used 520038K [0x000000076b200000, 0x00000007b0a00000, 0x00000007c0000000)
  eden space 876544K, 58% used [0x000000076b200000,0x000000078a5ac4d0,0x00000007a0a00000)
  from space 16384K, 51% used [0x00000007a0a00000,0x00000007a122d3b8,0x00000007a1a00000)
  to   space 15360K, 0% used [0x00000007afb00000,0x00000007afb00000,0x00000007b0a00000)
 ParOldGen       total 168960K, used 35979K [0x00000006c1600000, 0x00000006cbb00000, 0x000000076b200000)
  object space 168960K, 21% used [0x00000006c1600000,0x00000006c3922f10,0x00000006cbb00000)
 Metaspace       used 70906K, capacity 75056K, committed 75352K, reserved 1116160K
  class space    used 8821K, capacity 9484K, committed 9600K, reserved 1048576K
GC Heap History (10 events):
Event: 21.743 GC heap before
{Heap before GC invocations=14 (full 3):
 PSYoungGen      total 540672K, used 6478K [0x000000076b200000, 0x0000000796b80000, 0x00000007c0000000)
  eden space 525824K, 0% used [0x000000076b200000,0x000000076b200000,0x000000078b380000)
  from space 14848K, 43% used [0x000000078b380000,0x000000078b9d3af8,0x000000078c200000)
  to   space 14336K, 0% used [0x0000000795d80000,0x0000000795d80000,0x0000000796b80000)
 ParOldGen       total 121344K, used 29179K [0x00000006c1600000, 0x00000006c8c80000, 0x000000076b200000)
  object space 121344K, 24% used [0x00000006c1600000,0x00000006c327ee48,0x00000006c8c80000)
 Metaspace       used 56319K, capacity 58840K, committed 59096K, reserved 1101824K
  class space    used 7160K, capacity 7612K, committed 7680K, reserved 1048576K
Event: 21.876 GC heap after
Heap after GC invocations=14 (full 3):
 PSYoungGen      total 540672K, used 0K [0x000000076b200000, 0x0000000796b80000, 0x00000007c0000000)
  eden space 525824K, 0% used [0x000000076b200000,0x000000076b200000,0x000000078b380000)
  from space 14848K, 0% used [0x000000078b380000,0x000000078b380000,0x000000078c200000)
  to   space 14336K, 0% used [0x0000000795d80000,0x0000000795d80000,0x0000000796b80000)
 ParOldGen       total 168960K, used 22880K [0x00000006c1600000, 0x00000006cbb00000, 0x000000076b200000)
  object space 168960K, 13% used [0x00000006c1600000,0x00000006c2c58248,0x00000006cbb00000)
 Metaspace       used 56319K, capacity 58840K, committed 59096K, reserved 1101824K
  class space    used 7160K, capacity 7612K, committed 7680K, reserved 1048576K
}
Event: 24.952 GC heap before
{Heap before GC invocations=15 (full 3):
 PSYoungGen      total 540672K, used 525824K [0x000000076b200000, 0x0000000796b80000, 0x00000007c0000000)
  eden space 525824K, 100% used [0x000000076b200000,0x000000078b380000,0x000000078b380000)
  from space 14848K, 0% used [0x000000078b380000,0x000000078b380000,0x000000078c200000)
  to   space 14336K, 0% used [0x0000000795d80000,0x0000000795d80000,0x0000000796b80000)
 ParOldGen       total 168960K, used 22880K [0x00000006c1600000, 0x00000006cbb00000, 0x000000076b200000)
  object space 168960K, 13% used [0x00000006c1600000,0x00000006c2c58248,0x00000006cbb00000)
 Metaspace       used 68876K, capacity 72622K, committed 72792K, reserved 1112064K
  class space    used 8734K, capacity 9343K, committed 9344K, reserved 1048576K
Event: 24.966 GC heap after
Heap after GC invocations=15 (full 3):
 PSYoungGen      total 696832K, used 14314K [0x000000076b200000, 0x0000000797280000, 0x00000007c0000000)
  eden space 682496K, 0% used [0x000000076b200000,0x000000076b200000,0x0000000794c80000)
  from space 14336K, 99% used [0x0000000795d80000,0x0000000796b7abb8,0x0000000796b80000)
  to   space 17408K, 0% used [0x0000000794c80000,0x0000000794c80000,0x0000000795d80000)
 ParOldGen       total 168960K, used 25816K [0x00000006c1600000, 0x00000006cbb00000, 0x000000076b200000)
  object space 168960K, 15% used [0x00000006c1600000,0x00000006c2f36080,0x00000006cbb00000)
 Metaspace       used 68876K, capacity 72622K, committed 72792K, reserved 1112064K
  class space    used 8734K, capacity 9343K, committed 9344K, reserved 1048576K
}
Event: 26.311 GC heap before
{Heap before GC invocations=16 (full 3):
 PSYoungGen      total 696832K, used 696810K [0x000000076b200000, 0x0000000797280000, 0x00000007c0000000)
  eden space 682496K, 100% used [0x000000076b200000,0x0000000794c80000,0x0000000794c80000)
  from space 14336K, 99% used [0x0000000795d80000,0x0000000796b7abb8,0x0000000796b80000)
  to   space 17408K, 0% used [0x0000000794c80000,0x0000000794c80000,0x0000000795d80000)
 ParOldGen       total 168960K, used 25816K [0x00000006c1600000, 0x00000006cbb00000, 0x000000076b200000)
  object space 168960K, 15% used [0x00000006c1600000,0x00000006c2f36080,0x00000006cbb00000)
 Metaspace       used 69725K, capacity 73502K, committed 73688K, reserved 1114112K
  class space    used 8756K, capacity 9359K, committed 9472K, reserved 1048576K
Event: 26.323 GC heap after
Heap after GC invocations=16 (full 3):
 PSYoungGen      total 699904K, used 5962K [0x000000076b200000, 0x00000007a3400000, 0x00000007c0000000)
  eden space 682496K, 0% used [0x000000076b200000,0x000000076b200000,0x0000000794c80000)
  from space 17408K, 34% used [0x0000000794c80000,0x0000000795252850,0x0000000795d80000)
  to   space 16896K, 0% used [0x00000007a2380000,0x00000007a2380000,0x00000007a3400000)
 ParOldGen       total 168960K, used 33696K [0x00000006c1600000, 0x00000006cbb00000, 0x000000076b200000)
  object space 168960K, 19% used [0x00000006c1600000,0x00000006c36e8020,0x00000006cbb00000)
 Metaspace       used 69725K, capacity 73502K, committed 73688K, reserved 1114112K
  class space    used 8756K, capacity 9359K, committed 9472K, reserved 1048576K
}
Event: 28.003 GC heap before
{Heap before GC invocations=17 (full 3):
 PSYoungGen      total 699904K, used 688458K [0x000000076b200000, 0x00000007a3400000, 0x00000007c0000000)
  eden space 682496K, 100% used [0x000000076b200000,0x0000000794c80000,0x0000000794c80000)
  from space 17408K, 34% used [0x0000000794c80000,0x0000000795252850,0x0000000795d80000)
  to   space 16896K, 0% used [0x00000007a2380000,0x00000007a2380000,0x00000007a3400000)
 ParOldGen       total 168960K, used 33696K [0x00000006c1600000, 0x00000006cbb00000, 0x000000076b200000)
  object space 168960K, 19% used [0x00000006c1600000,0x00000006c36e8020,0x00000006cbb00000)
 Metaspace       used 70494K, capacity 74410K, committed 74456K, reserved 1114112K
  class space    used 8793K, capacity 9453K, committed 9472K, reserved 1048576K
Event: 28.014 GC heap after
Heap after GC invocations=17 (full 3):
 PSYoungGen      total 881152K, used 6437K [0x000000076b200000, 0x00000007a2a00000, 0x00000007c0000000)
  eden space 874496K, 0% used [0x000000076b200000,0x000000076b200000,0x00000007a0800000)
  from space 6656K, 96% used [0x00000007a2380000,0x00000007a29c94f8,0x00000007a2a00000)
  to   space 16384K, 0% used [0x00000007a0a00000,0x00000007a0a00000,0x00000007a1a00000)
 ParOldGen       total 168960K, used 35971K [0x00000006c1600000, 0x00000006cbb00000, 0x000000076b200000)
  object space 168960K, 21% used [0x00000006c1600000,0x00000006c3920f10,0x00000006cbb00000)
 Metaspace       used 70494K, capacity 74410K, committed 74456K, reserved 1114112K
  class space    used 8793K, capacity 9453K, committed 9472K, reserved 1048576K
}
Event: 29.585 GC heap before
{Heap before GC invocations=18 (full 3):
 PSYoungGen      total 881152K, used 880933K [0x000000076b200000, 0x00000007a2a00000, 0x00000007c0000000)
  eden space 874496K, 100% used [0x000000076b200000,0x00000007a0800000,0x00000007a0800000)
  from space 6656K, 96% used [0x00000007a2380000,0x00000007a29c94f8,0x00000007a2a00000)
  to   space 16384K, 0% used [0x00000007a0a00000,0x00000007a0a00000,0x00000007a1a00000)
 ParOldGen       total 168960K, used 35971K [0x00000006c1600000, 0x00000006cbb00000, 0x000000076b200000)
  object space 168960K, 21% used [0x00000006c1600000,0x00000006c3920f10,0x00000006cbb00000)
 Metaspace       used 70876K, capacity 74974K, committed 75096K, reserved 1114112K
  class space    used 8819K, capacity 9481K, committed 9600K, reserved 1048576K
Event: 29.595 GC heap after
Heap after GC invocations=18 (full 3):
 PSYoungGen      total 892928K, used 8372K [0x000000076b200000, 0x00000007b0a00000, 0x00000007c0000000)
  eden space 876544K, 0% used [0x000000076b200000,0x000000076b200000,0x00000007a0a00000)
  from space 16384K, 51% used [0x00000007a0a00000,0x00000007a122d3b8,0x00000007a1a00000)
  to   space 15360K, 0% used [0x00000007afb00000,0x00000007afb00000,0x00000007b0a00000)
 ParOldGen       total 168960K, used 35979K [0x00000006c1600000, 0x00000006cbb00000, 0x000000076b200000)
  object space 168960K, 21% used [0x00000006c1600000,0x00000006c3922f10,0x00000006cbb00000)
 Metaspace       used 70876K, capacity 74974K, committed 75096K, reserved 1114112K
  class space    used 8819K, capacity 9481K, committed 9600K, reserved 1048576K
}

