# JRE version: Java(TM) SE Runtime Environment (8.0_231-b11) (build 1.8.0_231-b11)
# Java VM: Java HotSpot(TM) 64-Bit Server VM (25.231-b11 mixed mode windows-amd64 compressed oops)
Heap:
 PSYoungGen      total 497664K, used 208338K [0x000000076b200000, 0x000000078b000000, 0x00000007c0000000)
  eden space 482304K, 43% used [0x000000076b200000,0x0000000777d74b10,0x0000000788900000)
  from space 15360K, 0% used [0x0000000789800000,0x0000000789800000,0x000000078a700000)
  to   space 15360K, 0% used [0x0000000788900000,0x0000000788900000,0x0000000789800000)
 ParOldGen       total 170496K, used 21001K [0x00000006c1600000, 0x00000006cbc80000, 0x000000076b200000)
  object space 170496K, 12% used [0x00000006c1600000,0x00000006c2a82670,0x00000006cbc80000)
 Metaspace       used 62047K, capacity 65060K, committed 65240K, reserved 1105920K
  class space    used 7914K, capacity 8420K, committed 8448K, reserved 1048576K
GC Heap History (10 events):
Event: 5.246 GC heap before
{Heap before GC invocations=13 (full 2):
 PSYoungGen      total 280576K, used 272384K [0x000000076b200000, 0x000000077e300000, 0x00000007c0000000)
  eden space 272384K, 100% used [0x000000076b200000,0x000000077bc00000,0x000000077bc00000)
  from space 8192K, 0% used [0x000000077c480000,0x000000077c480000,0x000000077cc80000)
  to   space 8704K, 0% used [0x000000077bc00000,0x000000077bc00000,0x000000077c480000)
 ParOldGen       total 119808K, used 9804K [0x00000006c1600000, 0x00000006c8b00000, 0x000000076b200000)
  object space 119808K, 8% used [0x00000006c1600000,0x00000006c1f93360,0x00000006c8b00000)
 Metaspace       used 33853K, capacity 35728K, committed 35968K, reserved 1081344K
  class space    used 4318K, capacity 4660K, committed 4736K, reserved 1048576K
Event: 5.249 GC heap after
Heap after GC invocations=13 (full 2):
 PSYoungGen      total 281088K, used 1063K [0x000000076b200000, 0x0000000783200000, 0x00000007c0000000)
  eden space 272384K, 0% used [0x000000076b200000,0x000000076b200000,0x000000077bc00000)
  from space 8704K, 12% used [0x000000077bc00000,0x000000077bd09d68,0x000000077c480000)
  to   space 9216K, 0% used [0x0000000782900000,0x0000000782900000,0x0000000783200000)
 ParOldGen       total 119808K, used 9812K [0x00000006c1600000, 0x00000006c8b00000, 0x000000076b200000)
  object space 119808K, 8% used [0x00000006c1600000,0x00000006c1f95360,0x00000006c8b00000)
 Metaspace       used 33853K, capacity 35728K, committed 35968K, reserved 1081344K
  class space    used 4318K, capacity 4660K, committed 4736K, reserved 1048576K
}
Event: 6.600 GC heap before
{Heap before GC invocations=14 (full 2):
 PSYoungGen      total 281088K, used 273447K [0x000000076b200000, 0x0000000783200000, 0x00000007c0000000)
  eden space 272384K, 100% used [0x000000076b200000,0x000000077bc00000,0x000000077bc00000)
  from space 8704K, 12% used [0x000000077bc00000,0x000000077bd09d68,0x000000077c480000)
  to   space 9216K, 0% used [0x0000000782900000,0x0000000782900000,0x0000000783200000)
 ParOldGen       total 119808K, used 9812K [0x00000006c1600000, 0x00000006c8b00000, 0x000000076b200000)
  object space 119808K, 8% used [0x00000006c1600000,0x00000006c1f95360,0x00000006c8b00000)
 Metaspace       used 40808K, capacity 43144K, committed 43264K, reserved 1087488K
  class space    used 5172K, capacity 5584K, committed 5632K, reserved 1048576K
Event: 6.608 GC heap after
Heap after GC invocations=14 (full 2):
 PSYoungGen      total 375296K, used 9186K [0x000000076b200000, 0x0000000783200000, 0x00000007c0000000)
  eden space 366080K, 0% used [0x000000076b200000,0x000000076b200000,0x0000000781780000)
  from space 9216K, 99% used [0x0000000782900000,0x00000007831f8b18,0x0000000783200000)
  to   space 10752K, 0% used [0x0000000781d00000,0x0000000781d00000,0x0000000782780000)
 ParOldGen       total 119808K, used 10646K [0x00000006c1600000, 0x00000006c8b00000, 0x000000076b200000)
  object space 119808K, 8% used [0x00000006c1600000,0x00000006c2065818,0x00000006c8b00000)
 Metaspace       used 40808K, capacity 43144K, committed 43264K, reserved 1087488K
  class space    used 5172K, capacity 5584K, committed 5632K, reserved 1048576K
}
Event: 8.426 GC heap before
{Heap before GC invocations=15 (full 2):
 PSYoungGen      total 375296K, used 375266K [0x000000076b200000, 0x0000000783200000, 0x00000007c0000000)
  eden space 366080K, 100% used [0x000000076b200000,0x0000000781780000,0x0000000781780000)
  from space 9216K, 99% used [0x0000000782900000,0x00000007831f8b18,0x0000000783200000)
  to   space 10752K, 0% used [0x0000000781d00000,0x0000000781d00000,0x0000000782780000)
 ParOldGen       total 119808K, used 10646K [0x00000006c1600000, 0x00000006c8b00000, 0x000000076b200000)
  object space 119808K, 8% used [0x00000006c1600000,0x00000006c2065818,0x00000006c8b00000)
 Metaspace       used 54478K, capacity 56998K, committed 57344K, reserved 1099776K
  class space    used 6936K, capacity 7385K, committed 7424K, reserved 1048576K
Event: 8.446 GC heap after
Heap after GC invocations=15 (full 2):
 PSYoungGen      total 382464K, used 10735K [0x000000076b200000, 0x000000078a700000, 0x00000007c0000000)
  eden space 371712K, 0% used [0x000000076b200000,0x000000076b200000,0x0000000781d00000)
  from space 10752K, 99% used [0x0000000781d00000,0x000000078277bc48,0x0000000782780000)
  to   space 15360K, 0% used [0x0000000789800000,0x0000000789800000,0x000000078a700000)
 ParOldGen       total 119808K, used 20047K [0x00000006c1600000, 0x00000006c8b00000, 0x000000076b200000)
  object space 119808K, 16% used [0x00000006c1600000,0x00000006c2993d98,0x00000006c8b00000)
 Metaspace       used 54478K, capacity 56998K, committed 57344K, reserved 1099776K
  class space    used 6936K, capacity 7385K, committed 7424K, reserved 1048576K
}
Event: 8.699 GC heap before
{Heap before GC invocations=16 (full 2):
 PSYoungGen      total 382464K, used 101929K [0x000000076b200000, 0x000000078a700000, 0x00000007c0000000)
  eden space 371712K, 24% used [0x000000076b200000,0x0000000770b0eac8,0x0000000781d00000)
  from space 10752K, 99% used [0x0000000781d00000,0x000000078277bc48,0x0000000782780000)
  to   space 15360K, 0% used [0x0000000789800000,0x0000000789800000,0x000000078a700000)
 ParOldGen       total 119808K, used 20047K [0x00000006c1600000, 0x00000006c8b00000, 0x000000076b200000)
  object space 119808K, 16% used [0x00000006c1600000,0x00000006c2993d98,0x00000006c8b00000)
 Metaspace       used 56364K, capacity 58880K, committed 59096K, reserved 1101824K
  class space    used 7171K, capacity 7624K, committed 7680K, reserved 1048576K
Event: 8.706 GC heap after
Heap after GC invocations=16 (full 2):
 PSYoungGen      total 497664K, used 2515K [0x000000076b200000, 0x000000078b000000, 0x00000007c0000000)
  eden space 482304K, 0% used [0x000000076b200000,0x000000076b200000,0x0000000788900000)
  from space 15360K, 16% used [0x0000000789800000,0x0000000789a74cb8,0x000000078a700000)
  to   space 15360K, 0% used [0x0000000788900000,0x0000000788900000,0x0000000789800000)
 ParOldGen       total 119808K, used 25823K [0x00000006c1600000, 0x00000006c8b00000, 0x000000076b200000)
  object space 119808K, 21% used [0x00000006c1600000,0x00000006c2f37f40,0x00000006c8b00000)
 Metaspace       used 56364K, capacity 58880K, committed 59096K, reserved 1101824K
  class space    used 7171K, capacity 7624K, committed 7680K, reserved 1048576K
}
Event: 8.706 GC heap before
{Heap before GC invocations=17 (full 3):
 PSYoungGen      total 497664K, used 2515K [0x000000076b200000, 0x000000078b000000, 0x00000007c0000000)
  eden space 482304K, 0% used [0x000000076b200000,0x000000076b200000,0x0000000788900000)
  from space 15360K, 16% used [0x0000000789800000,0x0000000789a74cb8,0x000000078a700000)
  to   space 15360K, 0% used [0x0000000788900000,0x0000000788900000,0x0000000789800000)
 ParOldGen       total 119808K, used 25823K [0x00000006c1600000, 0x00000006c8b00000, 0x000000076b200000)
  object space 119808K, 21% used [0x00000006c1600000,0x00000006c2f37f40,0x00000006c8b00000)
 Metaspace       used 56364K, capacity 58880K, committed 59096K, reserved 1101824K
  class space    used 7171K, capacity 7624K, committed 7680K, reserved 1048576K
Event: 8.840 GC heap after
Heap after GC invocations=17 (full 3):
 PSYoungGen      total 497664K, used 0K [0x000000076b200000, 0x000000078b000000, 0x00000007c0000000)
  eden space 482304K, 0% used [0x000000076b200000,0x000000076b200000,0x0000000788900000)
  from space 15360K, 0% used [0x0000000789800000,0x0000000789800000,0x000000078a700000)
  to   space 15360K, 0% used [0x0000000788900000,0x0000000788900000,0x0000000789800000)
 ParOldGen       total 170496K, used 21001K [0x00000006c1600000, 0x00000006cbc80000, 0x000000076b200000)
  object space 170496K, 12% used [0x00000006c1600000,0x00000006c2a82670,0x00000006cbc80000)
 Metaspace       used 56364K, capacity 58880K, committed 59096K, reserved 1101824K
  class space    used 7171K, capacity 7624K, committed 7680K, reserved 1048576K
}

