# JRE version: Java(TM) SE Runtime Environment (8.0_231-b11) (build 1.8.0_231-b11)
# Java VM: Java HotSpot(TM) 64-Bit Server VM (25.231-b11 mixed mode windows-amd64 compressed oops)
Heap:
 PSYoungGen      total 891392K, used 434973K [0x000000076b200000, 0x00000007a3780000, 0x00000007c0000000)
  eden space 873984K, 47% used [0x000000076b200000,0x0000000784abc748,0x00000007a0780000)
  from space 17408K, 94% used [0x00000007a1580000,0x00000007a258ae90,0x00000007a2680000)
  to   space 14336K, 0% used [0x00000007a2980000,0x00000007a2980000,0x00000007a3780000)
 ParOldGen       total 187904K, used 32950K [0x00000006c1600000, 0x00000006ccd80000, 0x000000076b200000)
  object space 187904K, 17% used [0x00000006c1600000,0x00000006c362da28,0x00000006ccd80000)
 Metaspace       used 73359K, capacity 77664K, committed 77912K, reserved 1118208K
  class space    used 9109K, capacity 9804K, committed 9856K, reserved 1048576K
GC Heap History (10 events):
Event: 9.774 GC heap before
{Heap before GC invocations=16 (full 3):
 PSYoungGen      total 613888K, used 613868K [0x000000076b200000, 0x0000000793c80000, 0x00000007c0000000)
  eden space 600064K, 100% used [0x000000076b200000,0x000000078fc00000,0x000000078fc00000)
  from space 13824K, 99% used [0x0000000792f00000,0x0000000793c7b268,0x0000000793c80000)
  to   space 16384K, 0% used [0x0000000791c80000,0x0000000791c80000,0x0000000792c80000)
 ParOldGen       total 187904K, used 25554K [0x00000006c1600000, 0x00000006ccd80000, 0x000000076b200000)
  object space 187904K, 13% used [0x00000006c1600000,0x00000006c2ef4a78,0x00000006ccd80000)
 Metaspace       used 69178K, capacity 72944K, committed 73176K, reserved 1114112K
  class space    used 8745K, capacity 9350K, committed 9472K, reserved 1048576K
Event: 9.784 GC heap after
Heap after GC invocations=16 (full 3):
 PSYoungGen      total 649728K, used 4002K [0x000000076b200000, 0x000000079a900000, 0x00000007c0000000)
  eden space 633344K, 0% used [0x000000076b200000,0x000000076b200000,0x0000000791c80000)
  from space 16384K, 24% used [0x0000000791c80000,0x0000000792068bd0,0x0000000792c80000)
  to   space 16384K, 0% used [0x0000000799900000,0x0000000799900000,0x000000079a900000)
 ParOldGen       total 187904K, used 32918K [0x00000006c1600000, 0x00000006ccd80000, 0x000000076b200000)
  object space 187904K, 17% used [0x00000006c1600000,0x00000006c3625a28,0x00000006ccd80000)
 Metaspace       used 69178K, capacity 72944K, committed 73176K, reserved 1114112K
  class space    used 8745K, capacity 9350K, committed 9472K, reserved 1048576K
}
Event: 10.966 GC heap before
{Heap before GC invocations=17 (full 3):
 PSYoungGen      total 649728K, used 637346K [0x000000076b200000, 0x000000079a900000, 0x00000007c0000000)
  eden space 633344K, 100% used [0x000000076b200000,0x0000000791c80000,0x0000000791c80000)
  from space 16384K, 24% used [0x0000000791c80000,0x0000000792068bd0,0x0000000792c80000)
  to   space 16384K, 0% used [0x0000000799900000,0x0000000799900000,0x000000079a900000)
 ParOldGen       total 187904K, used 32918K [0x00000006c1600000, 0x00000006ccd80000, 0x000000076b200000)
  object space 187904K, 17% used [0x00000006c1600000,0x00000006c3625a28,0x00000006ccd80000)
 Metaspace       used 69997K, capacity 73968K, committed 74200K, reserved 1114112K
  class space    used 8783K, capacity 9444K, committed 9472K, reserved 1048576K
Event: 10.973 GC heap after
Heap after GC invocations=17 (full 3):
 PSYoungGen      total 761856K, used 7220K [0x000000076b200000, 0x000000079c180000, 0x00000007c0000000)
  eden space 745472K, 0% used [0x000000076b200000,0x000000076b200000,0x0000000798a00000)
  from space 16384K, 44% used [0x0000000799900000,0x000000079a00d0f0,0x000000079a900000)
  to   space 15360K, 0% used [0x0000000798a00000,0x0000000798a00000,0x0000000799900000)
 ParOldGen       total 187904K, used 32926K [0x00000006c1600000, 0x00000006ccd80000, 0x000000076b200000)
  object space 187904K, 17% used [0x00000006c1600000,0x00000006c3627a28,0x00000006ccd80000)
 Metaspace       used 69997K, capacity 73968K, committed 74200K, reserved 1114112K
  class space    used 8783K, capacity 9444K, committed 9472K, reserved 1048576K
}
Event: 12.546 GC heap before
{Heap before GC invocations=18 (full 3):
 PSYoungGen      total 761856K, used 752692K [0x000000076b200000, 0x000000079c180000, 0x00000007c0000000)
  eden space 745472K, 100% used [0x000000076b200000,0x0000000798a00000,0x0000000798a00000)
  from space 16384K, 44% used [0x0000000799900000,0x000000079a00d0f0,0x000000079a900000)
  to   space 15360K, 0% used [0x0000000798a00000,0x0000000798a00000,0x0000000799900000)
 ParOldGen       total 187904K, used 32926K [0x00000006c1600000, 0x00000006ccd80000, 0x000000076b200000)
  object space 187904K, 17% used [0x00000006c1600000,0x00000006c3627a28,0x00000006ccd80000)
 Metaspace       used 70700K, capacity 74790K, committed 75096K, reserved 1114112K
  class space    used 8818K, capacity 9481K, committed 9600K, reserved 1048576K
Event: 12.555 GC heap after
Heap after GC invocations=18 (full 3):
 PSYoungGen      total 760832K, used 11190K [0x000000076b200000, 0x00000007a3900000, 0x00000007c0000000)
  eden space 745472K, 0% used [0x000000076b200000,0x000000076b200000,0x0000000798a00000)
  from space 15360K, 72% used [0x0000000798a00000,0x00000007994ed8e0,0x0000000799900000)
  to   space 15872K, 0% used [0x00000007a2980000,0x00000007a2980000,0x00000007a3900000)
 ParOldGen       total 187904K, used 32934K [0x00000006c1600000, 0x00000006ccd80000, 0x000000076b200000)
  object space 187904K, 17% used [0x00000006c1600000,0x00000006c3629a28,0x00000006ccd80000)
 Metaspace       used 70700K, capacity 74790K, committed 75096K, reserved 1114112K
  class space    used 8818K, capacity 9481K, committed 9600K, reserved 1048576K
}
Event: 16.617 GC heap before
{Heap before GC invocations=19 (full 3):
 PSYoungGen      total 760832K, used 756662K [0x000000076b200000, 0x00000007a3900000, 0x00000007c0000000)
  eden space 745472K, 100% used [0x000000076b200000,0x0000000798a00000,0x0000000798a00000)
  from space 15360K, 72% used [0x0000000798a00000,0x00000007994ed8e0,0x0000000799900000)
  to   space 15872K, 0% used [0x00000007a2980000,0x00000007a2980000,0x00000007a3900000)
 ParOldGen       total 187904K, used 32934K [0x00000006c1600000, 0x00000006ccd80000, 0x000000076b200000)
  object space 187904K, 17% used [0x00000006c1600000,0x00000006c3629a28,0x00000006ccd80000)
 Metaspace       used 71007K, capacity 75160K, committed 75352K, reserved 1116160K
  class space    used 8840K, capacity 9524K, committed 9600K, reserved 1048576K
Event: 16.628 GC heap after
Heap after GC invocations=19 (full 3):
 PSYoungGen      total 888320K, used 14193K [0x000000076b200000, 0x00000007a3780000, 0x00000007c0000000)
  eden space 873984K, 0% used [0x000000076b200000,0x000000076b200000,0x00000007a0780000)
  from space 14336K, 99% used [0x00000007a2980000,0x00000007a375c4e8,0x00000007a3780000)
  to   space 17408K, 0% used [0x00000007a1580000,0x00000007a1580000,0x00000007a2680000)
 ParOldGen       total 187904K, used 32942K [0x00000006c1600000, 0x00000006ccd80000, 0x000000076b200000)
  object space 187904K, 17% used [0x00000006c1600000,0x00000006c362ba28,0x00000006ccd80000)
 Metaspace       used 71007K, capacity 75160K, committed 75352K, reserved 1116160K
  class space    used 8840K, capacity 9524K, committed 9600K, reserved 1048576K
}
Event: 26.808 GC heap before
{Heap before GC invocations=20 (full 3):
 PSYoungGen      total 888320K, used 888177K [0x000000076b200000, 0x00000007a3780000, 0x00000007c0000000)
  eden space 873984K, 100% used [0x000000076b200000,0x00000007a0780000,0x00000007a0780000)
  from space 14336K, 99% used [0x00000007a2980000,0x00000007a375c4e8,0x00000007a3780000)
  to   space 17408K, 0% used [0x00000007a1580000,0x00000007a1580000,0x00000007a2680000)
 ParOldGen       total 187904K, used 32942K [0x00000006c1600000, 0x00000006ccd80000, 0x000000076b200000)
  object space 187904K, 17% used [0x00000006c1600000,0x00000006c362ba28,0x00000006ccd80000)
 Metaspace       used 73235K, capacity 77514K, committed 77656K, reserved 1118208K
  class space    used 9102K, capacity 9801K, committed 9856K, reserved 1048576K
Event: 26.819 GC heap after
Heap after GC invocations=20 (full 3):
 PSYoungGen      total 891392K, used 16427K [0x000000076b200000, 0x00000007a3780000, 0x00000007c0000000)
  eden space 873984K, 0% used [0x000000076b200000,0x000000076b200000,0x00000007a0780000)
  from space 17408K, 94% used [0x00000007a1580000,0x00000007a258ae90,0x00000007a2680000)
  to   space 14336K, 0% used [0x00000007a2980000,0x00000007a2980000,0x00000007a3780000)
 ParOldGen       total 187904K, used 32950K [0x00000006c1600000, 0x00000006ccd80000, 0x000000076b200000)
  object space 187904K, 17% used [0x00000006c1600000,0x00000006c362da28,0x00000006ccd80000)
 Metaspace       used 73235K, capacity 77514K, committed 77656K, reserved 1118208K
  class space    used 9102K, capacity 9801K, committed 9856K, reserved 1048576K
}

