# JRE version: Java(TM) SE Runtime Environment (8.0_231-b11) (build 1.8.0_231-b11)
# Java VM: Java HotSpot(TM) 64-Bit Server VM (25.231-b11 mixed mode windows-amd64 compressed oops)
Heap:
 PSYoungGen      total 105472K, used 36957K [0x000000076b200000, 0x0000000774680000, 0x00000007c0000000)
  eden space 95232K, 28% used [0x000000076b200000,0x000000076cc5c098,0x0000000770f00000)
  from space 10240K, 97% used [0x0000000773c80000,0x000000077463b3a0,0x0000000774680000)
  to   space 10752K, 0% used [0x0000000773180000,0x0000000773180000,0x0000000773c00000)
 ParOldGen       total 105984K, used 8008K [0x00000006c1600000, 0x00000006c7d80000, 0x000000076b200000)
  object space 105984K, 7% used [0x00000006c1600000,0x00000006c1dd21c8,0x00000006c7d80000)
 Metaspace       used 32400K, capacity 34136K, committed 34432K, reserved 1081344K
  class space    used 4095K, capacity 4434K, committed 4480K, reserved 1048576K
GC Heap History (10 events):
Event: 1.132 GC heap before
{Heap before GC invocations=1 (full 0):
 PSYoungGen      total 76288K, used 65536K [0x000000076b200000, 0x0000000770700000, 0x00000007c0000000)
  eden space 65536K, 100% used [0x000000076b200000,0x000000076f200000,0x000000076f200000)
  from space 10752K, 0% used [0x000000076fc80000,0x000000076fc80000,0x0000000770700000)
  to   space 10752K, 0% used [0x000000076f200000,0x000000076f200000,0x000000076fc80000)
 ParOldGen       total 175104K, used 0K [0x00000006c1600000, 0x00000006cc100000, 0x000000076b200000)
  object space 175104K, 0% used [0x00000006c1600000,0x00000006c1600000,0x00000006cc100000)
 Metaspace       used 16688K, capacity 17264K, committed 17536K, reserved 1064960K
  class space    used 2190K, capacity 2340K, committed 2432K, reserved 1048576K
Event: 1.140 GC heap after
Heap after GC invocations=1 (full 0):
 PSYoungGen      total 76288K, used 10475K [0x000000076b200000, 0x0000000770700000, 0x00000007c0000000)
  eden space 65536K, 0% used [0x000000076b200000,0x000000076b200000,0x000000076f200000)
  from space 10752K, 97% used [0x000000076f200000,0x000000076fc3ac58,0x000000076fc80000)
  to   space 10752K, 0% used [0x000000076fc80000,0x000000076fc80000,0x0000000770700000)
 ParOldGen       total 175104K, used 16K [0x00000006c1600000, 0x00000006cc100000, 0x000000076b200000)
  object space 175104K, 0% used [0x00000006c1600000,0x00000006c1604000,0x00000006cc100000)
 Metaspace       used 16688K, capacity 17264K, committed 17536K, reserved 1064960K
  class space    used 2190K, capacity 2340K, committed 2432K, reserved 1048576K
}
Event: 1.335 GC heap before
{Heap before GC invocations=2 (full 0):
 PSYoungGen      total 76288K, used 76011K [0x000000076b200000, 0x0000000770700000, 0x00000007c0000000)
  eden space 65536K, 100% used [0x000000076b200000,0x000000076f200000,0x000000076f200000)
  from space 10752K, 97% used [0x000000076f200000,0x000000076fc3ac58,0x000000076fc80000)
  to   space 10752K, 0% used [0x000000076fc80000,0x000000076fc80000,0x0000000770700000)
 ParOldGen       total 175104K, used 16K [0x00000006c1600000, 0x00000006cc100000, 0x000000076b200000)
  object space 175104K, 0% used [0x00000006c1600000,0x00000006c1604000,0x00000006cc100000)
 Metaspace       used 17943K, capacity 18664K, committed 18816K, reserved 1064960K
  class space    used 2381K, capacity 2590K, committed 2688K, reserved 1048576K
Event: 1.340 GC heap after
Heap after GC invocations=2 (full 0):
 PSYoungGen      total 76288K, used 6939K [0x000000076b200000, 0x0000000774700000, 0x00000007c0000000)
  eden space 65536K, 0% used [0x000000076b200000,0x000000076b200000,0x000000076f200000)
  from space 10752K, 64% used [0x000000076fc80000,0x0000000770346ee8,0x0000000770700000)
  to   space 10752K, 0% used [0x000000076f200000,0x000000076f200000,0x000000076fc80000)
 ParOldGen       total 175104K, used 32K [0x00000006c1600000, 0x00000006cc100000, 0x000000076b200000)
  object space 175104K, 0% used [0x00000006c1600000,0x00000006c1608000,0x00000006cc100000)
 Metaspace       used 17943K, capacity 18664K, committed 18816K, reserved 1064960K
  class space    used 2381K, capacity 2590K, committed 2688K, reserved 1048576K
}
Event: 1.554 GC heap before
{Heap before GC invocations=3 (full 0):
 PSYoungGen      total 76288K, used 30677K [0x000000076b200000, 0x0000000774700000, 0x00000007c0000000)
  eden space 65536K, 36% used [0x000000076b200000,0x000000076c92e6a8,0x000000076f200000)
  from space 10752K, 64% used [0x000000076fc80000,0x0000000770346ee8,0x0000000770700000)
  to   space 10752K, 0% used [0x000000076f200000,0x000000076f200000,0x000000076fc80000)
 ParOldGen       total 175104K, used 32K [0x00000006c1600000, 0x00000006cc100000, 0x000000076b200000)
  object space 175104K, 0% used [0x00000006c1600000,0x00000006c1608000,0x00000006cc100000)
 Metaspace       used 20442K, capacity 21258K, committed 21296K, reserved 1067008K
  class space    used 2720K, capacity 2925K, committed 2944K, reserved 1048576K
Event: 1.561 GC heap after
Heap after GC invocations=3 (full 0):
 PSYoungGen      total 76288K, used 8245K [0x000000076b200000, 0x0000000774700000, 0x00000007c0000000)
  eden space 65536K, 0% used [0x000000076b200000,0x000000076b200000,0x000000076f200000)
  from space 10752K, 76% used [0x000000076f200000,0x000000076fa0d448,0x000000076fc80000)
  to   space 10752K, 0% used [0x0000000773c80000,0x0000000773c80000,0x0000000774700000)
 ParOldGen       total 175104K, used 40K [0x00000006c1600000, 0x00000006cc100000, 0x000000076b200000)
  object space 175104K, 0% used [0x00000006c1600000,0x00000006c160a000,0x00000006cc100000)
 Metaspace       used 20442K, capacity 21258K, committed 21296K, reserved 1067008K
  class space    used 2720K, capacity 2925K, committed 2944K, reserved 1048576K
}
Event: 1.561 GC heap before
{Heap before GC invocations=4 (full 1):
 PSYoungGen      total 76288K, used 8245K [0x000000076b200000, 0x0000000774700000, 0x00000007c0000000)
  eden space 65536K, 0% used [0x000000076b200000,0x000000076b200000,0x000000076f200000)
  from space 10752K, 76% used [0x000000076f200000,0x000000076fa0d448,0x000000076fc80000)
  to   space 10752K, 0% used [0x0000000773c80000,0x0000000773c80000,0x0000000774700000)
 ParOldGen       total 175104K, used 40K [0x00000006c1600000, 0x00000006cc100000, 0x000000076b200000)
  object space 175104K, 0% used [0x00000006c1600000,0x00000006c160a000,0x00000006cc100000)
 Metaspace       used 20442K, capacity 21258K, committed 21296K, reserved 1067008K
  class space    used 2720K, capacity 2925K, committed 2944K, reserved 1048576K
Event: 1.589 GC heap after
Heap after GC invocations=4 (full 1):
 PSYoungGen      total 76288K, used 0K [0x000000076b200000, 0x0000000774700000, 0x00000007c0000000)
  eden space 65536K, 0% used [0x000000076b200000,0x000000076b200000,0x000000076f200000)
  from space 10752K, 0% used [0x000000076f200000,0x000000076f200000,0x000000076fc80000)
  to   space 10752K, 0% used [0x0000000773c80000,0x0000000773c80000,0x0000000774700000)
 ParOldGen       total 105984K, used 7936K [0x00000006c1600000, 0x00000006c7d80000, 0x000000076b200000)
  object space 105984K, 7% used [0x00000006c1600000,0x00000006c1dc01b8,0x00000006c7d80000)
 Metaspace       used 20440K, capacity 21252K, committed 21296K, reserved 1067008K
  class space    used 2719K, capacity 2924K, committed 2944K, reserved 1048576K
}
Event: 9.387 GC heap before
{Heap before GC invocations=5 (full 1):
 PSYoungGen      total 76288K, used 65536K [0x000000076b200000, 0x0000000774700000, 0x00000007c0000000)
  eden space 65536K, 100% used [0x000000076b200000,0x000000076f200000,0x000000076f200000)
  from space 10752K, 0% used [0x000000076f200000,0x000000076f200000,0x000000076fc80000)
  to   space 10752K, 0% used [0x0000000773c80000,0x0000000773c80000,0x0000000774700000)
 ParOldGen       total 105984K, used 7936K [0x00000006c1600000, 0x00000006c7d80000, 0x000000076b200000)
  object space 105984K, 7% used [0x00000006c1600000,0x00000006c1dc01b8,0x00000006c7d80000)
 Metaspace       used 28163K, capacity 29848K, committed 29952K, reserved 1075200K
  class space    used 3757K, capacity 4076K, committed 4096K, reserved 1048576K
Event: 9.397 GC heap after
Heap after GC invocations=5 (full 1):
 PSYoungGen      total 105472K, used 9964K [0x000000076b200000, 0x0000000774680000, 0x00000007c0000000)
  eden space 95232K, 0% used [0x000000076b200000,0x000000076b200000,0x0000000770f00000)
  from space 10240K, 97% used [0x0000000773c80000,0x000000077463b3a0,0x0000000774680000)
  to   space 10752K, 0% used [0x0000000773180000,0x0000000773180000,0x0000000773c00000)
 ParOldGen       total 105984K, used 8008K [0x00000006c1600000, 0x00000006c7d80000, 0x000000076b200000)
  object space 105984K, 7% used [0x00000006c1600000,0x00000006c1dd21c8,0x00000006c7d80000)
 Metaspace       used 28163K, capacity 29848K, committed 29952K, reserved 1075200K
  class space    used 3757K, capacity 4076K, committed 4096K, reserved 1048576K
}

